Using pre-set license
Built from '2020.3/staging' branch; Version is '2020.3.9f1 (108be757e447) revision 1084391'; Using compiler version '192528614'; Build Type 'Release'
OS: 'Windows 10 Home Single Language; OS build 19042.1237; Version 2009; 64bit' Language: 'ru' Physical Memory: 8083 MB
BatchMode: 1, IsHumanControllingUs: 0, StartBugReporterOnCrash: 0, Is64bit: 1, IsPro: 0

 COMMAND LINE ARGUMENTS:
C:\Program Files\Unity\Hub\Editor\2020.3.9f1\Editor\Unity.exe
-adb2
-batchMode
-noUpm
-name
AssetImportWorker2
-projectPath
D:/GitHub/Data-Persistence-Project
-logFile
Logs/AssetImportWorker2.log
-srvPort
55848
Successfully changed project path to: D:/GitHub/Data-Persistence-Project
D:/GitHub/Data-Persistence-Project
Using Asset Import Pipeline V2.
Refreshing native plugins compatible for Editor in 371.18 ms, found 0 plugins.
Preloading 0 native plugins for Editor in 0.00 ms.
Initialize engine version: 2020.3.9f1 (108be757e447)
[Subsystems] Discovering subsystems at path C:/Program Files/Unity/Hub/Editor/2020.3.9f1/Editor/Data/Resources/UnitySubsystems
[Subsystems] Discovering subsystems at path D:/GitHub/Data-Persistence-Project/Assets
GfxDevice: creating device client; threaded=0
Direct3D:
    Version:  Direct3D 11.0 [level 11.1]
    Renderer: AMD Radeon (TM) R5 M315 (ID=0x6907)
    Vendor:   
    VRAM:     2038 MB
    Driver:   27.20.14501.28009
Shader 'Universal Render Pipeline/Particles/Lit': fallback shader 'Universal Render Pipeline/Particles/SimpleLit' not found
Initialize mono
Mono path[0] = 'C:/Program Files/Unity/Hub/Editor/2020.3.9f1/Editor/Data/Managed'
Mono path[1] = 'C:/Program Files/Unity/Hub/Editor/2020.3.9f1/Editor/Data/MonoBleedingEdge/lib/mono/unityjit'
Mono config path = 'C:/Program Files/Unity/Hub/Editor/2020.3.9f1/Editor/Data/MonoBleedingEdge/etc'
Using monoOptions --debugger-agent=transport=dt_socket,embedding=1,server=y,suspend=n,address=127.0.0.1:56580
Begin MonoManager ReloadAssembly
Registering precompiled unity dll's ...
Register platform support module: C:/Program Files/Unity/Hub/Editor/2020.3.9f1/Editor/Data/PlaybackEngines/WebGLSupport/UnityEditor.WebGL.Extensions.dll
Register platform support module: C:/Program Files/Unity/Hub/Editor/2020.3.9f1/Editor/Data/PlaybackEngines/WindowsStandaloneSupport/UnityEditor.WindowsStandalone.Extensions.dll
Registered in 0.007451 seconds.
Native extension for WindowsStandalone target not found
Native extension for WebGL target not found
Refreshing native plugins compatible for Editor in 171.21 ms, found 0 plugins.
Preloading 0 native plugins for Editor in 0.00 ms.
Mono: successfully reloaded assembly
- Completed reload, in  6.883 seconds
Platform modules already initialized, skipping
Registering precompiled user dll's ...
Registered in 0.007068 seconds.
Begin MonoManager ReloadAssembly
Native extension for WindowsStandalone target not found
Native extension for WebGL target not found
Refreshing native plugins compatible for Editor in 106.17 ms, found 0 plugins.
Preloading 0 native plugins for Editor in 0.00 ms.
Mono: successfully reloaded assembly
- Completed reload, in  4.883 seconds
Platform modules already initialized, skipping
========================================================================
Worker process is ready to serve import requests
Shader 'Universal Render Pipeline/Particles/Lit': fallback shader 'Universal Render Pipeline/Particles/SimpleLit' not found
Launched and connected shader compiler UnityShaderCompiler.exe after 0.14 seconds
Refreshing native plugins compatible for Editor in 1.19 ms, found 0 plugins.
Preloading 0 native plugins for Editor in 0.00 ms.
Unloading 2422 Unused Serialized files (Serialized files now loaded: 0)
System memory in use before: 113.8 MB.
System memory in use after: 114.0 MB.

Unloading 10 unused Assets to reduce memory usage. Loaded Objects now: 2864.
Total: 4.196600 ms (FindLiveObjects: 0.447700 ms CreateObjectMapping: 0.226800 ms MarkObjects: 3.401400 ms  DeleteObjects: 0.119100 ms)

========================================================================
Received Import Request.
  path: Assets/Scripts/MainManager.cs
  artifactKey: Guid(d110623a642692246a42fbc2d8d89884) Importer(815301076,1909f56bfc062723c751e8b465ee728b)
Start importing Assets/Scripts/MainManager.cs using Guid(d110623a642692246a42fbc2d8d89884) Importer(815301076,1909f56bfc062723c751e8b465ee728b)  -> (artifact id: 'f40b51ca6a1f4ab1f392e76f352a0a64') in 0.080318 seconds
  Import took 0.139453 seconds .

========================================================================
Received Prepare
Registering precompiled user dll's ...
Registered in 0.054657 seconds.
Begin MonoManager ReloadAssembly
Native extension for WindowsStandalone target not found
Native extension for WebGL target not found
Refreshing native plugins compatible for Editor in 0.71 ms, found 0 plugins.
Preloading 0 native plugins for Editor in 0.00 ms.
Mono: successfully reloaded assembly
- Completed reload, in  2.444 seconds
Platform modules already initialized, skipping
Shader 'Universal Render Pipeline/Particles/Lit': fallback shader 'Universal Render Pipeline/Particles/SimpleLit' not found
Refreshing native plugins compatible for Editor in 0.93 ms, found 0 plugins.
Preloading 0 native plugins for Editor in 0.00 ms.
Unloading 2313 Unused Serialized files (Serialized files now loaded: 0)
System memory in use before: 106.9 MB.
System memory in use after: 107.1 MB.

Unloading 5 unused Assets to reduce memory usage. Loaded Objects now: 2867.
Total: 5.698900 ms (FindLiveObjects: 0.469100 ms CreateObjectMapping: 0.194700 ms MarkObjects: 4.970900 ms  DeleteObjects: 0.061900 ms)

========================================================================
Received Import Request.
  Time since last request: 883.361136 seconds.
  path: Assets/Scenes/Menu.unity
  artifactKey: Guid(b95b2996f6783ec4cb87dc29cc915f8f) Importer(815301076,1909f56bfc062723c751e8b465ee728b)
Start importing Assets/Scenes/Menu.unity using Guid(b95b2996f6783ec4cb87dc29cc915f8f) Importer(815301076,1909f56bfc062723c751e8b465ee728b)  -> (artifact id: '54f005812621cccfb03cc6c057230467') in 0.034473 seconds
  Import took 0.061857 seconds .

========================================================================
Received Prepare
Registering precompiled user dll's ...
Registered in 0.002911 seconds.
Begin MonoManager ReloadAssembly
Native extension for WindowsStandalone target not found
Native extension for WebGL target not found
Refreshing native plugins compatible for Editor in 0.75 ms, found 0 plugins.
Preloading 0 native plugins for Editor in 0.00 ms.
Mono: successfully reloaded assembly
- Completed reload, in  1.549 seconds
Platform modules already initialized, skipping
Shader 'Universal Render Pipeline/Particles/Lit': fallback shader 'Universal Render Pipeline/Particles/SimpleLit' not found
Refreshing native plugins compatible for Editor in 0.62 ms, found 0 plugins.
Preloading 0 native plugins for Editor in 0.00 ms.
Unloading 2313 Unused Serialized files (Serialized files now loaded: 0)
System memory in use before: 106.9 MB.
System memory in use after: 107.1 MB.

Unloading 5 unused Assets to reduce memory usage. Loaded Objects now: 2870.
Total: 3.694900 ms (FindLiveObjects: 0.291300 ms CreateObjectMapping: 0.125800 ms MarkObjects: 3.237900 ms  DeleteObjects: 0.038500 ms)

========================================================================
Received Import Request.
  Time since last request: 376.108699 seconds.
  path: Assets/Scripts/Ball.cs
  artifactKey: Guid(9378aa3f6eac646479e54cd5932ffd3f) Importer(815301076,1909f56bfc062723c751e8b465ee728b)
Start importing Assets/Scripts/Ball.cs using Guid(9378aa3f6eac646479e54cd5932ffd3f) Importer(815301076,1909f56bfc062723c751e8b465ee728b)  -> (artifact id: 'fdb151d82a621a11fb14c30ddf13ad4a') in 0.015568 seconds
  Import took 0.068775 seconds .

========================================================================
Received Import Request.
  Time since last request: 2.401765 seconds.
  path: Assets/Scripts/Brick.cs
  artifactKey: Guid(4ae693949f13e78488ec36319c04419f) Importer(815301076,1909f56bfc062723c751e8b465ee728b)
Start importing Assets/Scripts/Brick.cs using Guid(4ae693949f13e78488ec36319c04419f) Importer(815301076,1909f56bfc062723c751e8b465ee728b)  -> (artifact id: '943324dfc2c2aece8c5c3221fd0cfb22') in 0.013902 seconds
  Import took 0.067359 seconds .

========================================================================
Received Import Request.
  Time since last request: 0.519339 seconds.
  path: Assets/Scripts/Paddle.cs
  artifactKey: Guid(b1c141baad4ddf14a98c290342342cf6) Importer(815301076,1909f56bfc062723c751e8b465ee728b)
Start importing Assets/Scripts/Paddle.cs using Guid(b1c141baad4ddf14a98c290342342cf6) Importer(815301076,1909f56bfc062723c751e8b465ee728b)  -> (artifact id: '3e8d87ed4c063a3506435ae28642168f') in 0.011415 seconds
  Import took 0.060981 seconds .

========================================================================
Received Import Request.
  Time since last request: 497.644386 seconds.
  path: Assets/Scripts
  artifactKey: Guid(02a3527b6b33a924e8ec66aa805ea717) Importer(815301076,1909f56bfc062723c751e8b465ee728b)
Start importing Assets/Scripts using Guid(02a3527b6b33a924e8ec66aa805ea717) Importer(815301076,1909f56bfc062723c751e8b465ee728b)  -> (artifact id: 'f0a913a0049096cde5d6a727232f232f') in 0.012887 seconds
  Import took 0.077290 seconds .

========================================================================
Received Import Request.
  Time since last request: 9.817315 seconds.
  path: Assets/Scripts/SceneLoader.cs
  artifactKey: Guid(405502b9d7364ca4e9e19b284fb0fffd) Importer(815301076,1909f56bfc062723c751e8b465ee728b)
Start importing Assets/Scripts/SceneLoader.cs using Guid(405502b9d7364ca4e9e19b284fb0fffd) Importer(815301076,1909f56bfc062723c751e8b465ee728b)  -> (artifact id: '12d6db3bffabd35a19aa236ba22aeca8') in 0.012770 seconds
  Import took 0.053556 seconds .

========================================================================
Received Prepare
Registering precompiled user dll's ...
Registered in 0.004117 seconds.
Begin MonoManager ReloadAssembly
Native extension for WindowsStandalone target not found
Native extension for WebGL target not found
Refreshing native plugins compatible for Editor in 0.50 ms, found 0 plugins.
Preloading 0 native plugins for Editor in 0.00 ms.
Mono: successfully reloaded assembly
- Completed reload, in  1.451 seconds
Platform modules already initialized, skipping
Shader 'Universal Render Pipeline/Particles/Lit': fallback shader 'Universal Render Pipeline/Particles/SimpleLit' not found
Refreshing native plugins compatible for Editor in 0.43 ms, found 0 plugins.
Preloading 0 native plugins for Editor in 0.00 ms.
Unloading 2314 Unused Serialized files (Serialized files now loaded: 0)
System memory in use before: 107.0 MB.
System memory in use after: 107.2 MB.

Unloading 5 unused Assets to reduce memory usage. Loaded Objects now: 2874.
Total: 3.210900 ms (FindLiveObjects: 0.408000 ms CreateObjectMapping: 0.151500 ms MarkObjects: 2.624700 ms  DeleteObjects: 0.025100 ms)

========================================================================
Received Prepare
Registering precompiled user dll's ...
Registered in 0.003680 seconds.
Begin MonoManager ReloadAssembly
Native extension for WindowsStandalone target not found
Native extension for WebGL target not found
Refreshing native plugins compatible for Editor in 0.45 ms, found 0 plugins.
Preloading 0 native plugins for Editor in 0.00 ms.
Mono: successfully reloaded assembly
- Completed reload, in  1.518 seconds
Platform modules already initialized, skipping
Shader 'Universal Render Pipeline/Particles/Lit': fallback shader 'Universal Render Pipeline/Particles/SimpleLit' not found
Refreshing native plugins compatible for Editor in 0.56 ms, found 0 plugins.
Preloading 0 native plugins for Editor in 0.00 ms.
Unloading 2314 Unused Serialized files (Serialized files now loaded: 0)
System memory in use before: 107.0 MB.
System memory in use after: 107.2 MB.

Unloading 5 unused Assets to reduce memory usage. Loaded Objects now: 2877.
Total: 3.615800 ms (FindLiveObjects: 0.336000 ms CreateObjectMapping: 0.254200 ms MarkObjects: 2.984600 ms  DeleteObjects: 0.039200 ms)

========================================================================
Received Import Request.
  Time since last request: 502.212587 seconds.
  path: Assets/Scenes/Menu.unity
  artifactKey: Guid(b95b2996f6783ec4cb87dc29cc915f8f) Importer(815301076,1909f56bfc062723c751e8b465ee728b)
Start importing Assets/Scenes/Menu.unity using Guid(b95b2996f6783ec4cb87dc29cc915f8f) Importer(815301076,1909f56bfc062723c751e8b465ee728b)  -> (artifact id: '73d83b0a7c2eaa11b2e11a2a334191b1') in 0.028544 seconds
  Import took 0.086812 seconds .

========================================================================
Received Import Request.
  Time since last request: 1.798396 seconds.
  path: Assets/Scenes/main.unity
  artifactKey: Guid(78a510c781f19db4da14f78ebb30946a) Importer(815301076,1909f56bfc062723c751e8b465ee728b)
Start importing Assets/Scenes/main.unity using Guid(78a510c781f19db4da14f78ebb30946a) Importer(815301076,1909f56bfc062723c751e8b465ee728b)  -> (artifact id: '114869957c57db23b1f1dd7518133094') in 0.011782 seconds
  Import took 0.104677 seconds .

========================================================================
Received Prepare
Registering precompiled user dll's ...
Registered in 0.003753 seconds.
Begin MonoManager ReloadAssembly
Native extension for WindowsStandalone target not found
Native extension for WebGL target not found
Refreshing native plugins compatible for Editor in 0.51 ms, found 0 plugins.
Preloading 0 native plugins for Editor in 0.00 ms.
Mono: successfully reloaded assembly
- Completed reload, in  1.556 seconds
Platform modules already initialized, skipping
Shader 'Universal Render Pipeline/Particles/Lit': fallback shader 'Universal Render Pipeline/Particles/SimpleLit' not found
Refreshing native plugins compatible for Editor in 0.82 ms, found 0 plugins.
Preloading 0 native plugins for Editor in 0.00 ms.
Unloading 2314 Unused Serialized files (Serialized files now loaded: 0)
System memory in use before: 106.9 MB.
System memory in use after: 107.1 MB.

Unloading 5 unused Assets to reduce memory usage. Loaded Objects now: 2880.
Total: 4.448600 ms (FindLiveObjects: 0.456600 ms CreateObjectMapping: 0.194500 ms MarkObjects: 3.739900 ms  DeleteObjects: 0.055000 ms)

========================================================================
Received Prepare
Registering precompiled user dll's ...
Registered in 0.002550 seconds.
Begin MonoManager ReloadAssembly
Native extension for WindowsStandalone target not found
Native extension for WebGL target not found
Refreshing native plugins compatible for Editor in 0.70 ms, found 0 plugins.
Preloading 0 native plugins for Editor in 0.00 ms.
Mono: successfully reloaded assembly
- Completed reload, in  1.497 seconds
Platform modules already initialized, skipping
Shader 'Universal Render Pipeline/Particles/Lit': fallback shader 'Universal Render Pipeline/Particles/SimpleLit' not found
Refreshing native plugins compatible for Editor in 0.46 ms, found 0 plugins.
Preloading 0 native plugins for Editor in 0.00 ms.
Unloading 2314 Unused Serialized files (Serialized files now loaded: 0)
System memory in use before: 107.0 MB.
System memory in use after: 107.2 MB.

Unloading 5 unused Assets to reduce memory usage. Loaded Objects now: 2883.
Total: 3.076700 ms (FindLiveObjects: 0.308900 ms CreateObjectMapping: 0.119500 ms MarkObjects: 2.623800 ms  DeleteObjects: 0.023100 ms)

========================================================================
Received Import Request.
  Time since last request: 101.471838 seconds.
  path: Assets/Scenes/Menu.unity
  artifactKey: Guid(b95b2996f6783ec4cb87dc29cc915f8f) Importer(815301076,1909f56bfc062723c751e8b465ee728b)
Start importing Assets/Scenes/Menu.unity using Guid(b95b2996f6783ec4cb87dc29cc915f8f) Importer(815301076,1909f56bfc062723c751e8b465ee728b)  -> (artifact id: '2523060a1fdc714a3a41f3732cfb3d63') in 0.020236 seconds
  Import took 0.103004 seconds .

========================================================================
Received Import Request.
  Time since last request: 88.883764 seconds.
  path: Assets/Scripts/DataManager.cs
  artifactKey: Guid(066f2f65d430b0a4aadd7fbb2ef4418e) Importer(815301076,1909f56bfc062723c751e8b465ee728b)
Start importing Assets/Scripts/DataManager.cs using Guid(066f2f65d430b0a4aadd7fbb2ef4418e) Importer(815301076,1909f56bfc062723c751e8b465ee728b)  -> (artifact id: 'a2abd2b5af42c6d358ae2ada2bb1f1f2') in 0.013794 seconds
  Import took 0.061768 seconds .

========================================================================
Received Prepare
Registering precompiled user dll's ...
Registered in 0.003580 seconds.
Begin MonoManager ReloadAssembly
Native extension for WindowsStandalone target not found
Native extension for WebGL target not found
Refreshing native plugins compatible for Editor in 0.87 ms, found 0 plugins.
Preloading 0 native plugins for Editor in 0.00 ms.
Mono: successfully reloaded assembly
- Completed reload, in  1.413 seconds
Platform modules already initialized, skipping
Shader 'Universal Render Pipeline/Particles/Lit': fallback shader 'Universal Render Pipeline/Particles/SimpleLit' not found
Refreshing native plugins compatible for Editor in 0.48 ms, found 0 plugins.
Preloading 0 native plugins for Editor in 0.00 ms.
Unloading 2315 Unused Serialized files (Serialized files now loaded: 0)
System memory in use before: 107.0 MB.
System memory in use after: 107.3 MB.

Unloading 5 unused Assets to reduce memory usage. Loaded Objects now: 2887.
Total: 4.236500 ms (FindLiveObjects: 0.608500 ms CreateObjectMapping: 0.293700 ms MarkObjects: 3.307900 ms  DeleteObjects: 0.024300 ms)

========================================================================
Received Prepare
Registering precompiled user dll's ...
Registered in 0.004051 seconds.
Begin MonoManager ReloadAssembly
Native extension for WindowsStandalone target not found
Native extension for WebGL target not found
Refreshing native plugins compatible for Editor in 0.46 ms, found 0 plugins.
Preloading 0 native plugins for Editor in 0.00 ms.
Mono: successfully reloaded assembly
- Completed reload, in  1.538 seconds
Platform modules already initialized, skipping
Shader 'Universal Render Pipeline/Particles/Lit': fallback shader 'Universal Render Pipeline/Particles/SimpleLit' not found
Refreshing native plugins compatible for Editor in 0.67 ms, found 0 plugins.
Preloading 0 native plugins for Editor in 0.00 ms.
Unloading 2315 Unused Serialized files (Serialized files now loaded: 0)
System memory in use before: 107.0 MB.
System memory in use after: 107.3 MB.

Unloading 5 unused Assets to reduce memory usage. Loaded Objects now: 2890.
Total: 4.158000 ms (FindLiveObjects: 0.333100 ms CreateObjectMapping: 0.231300 ms MarkObjects: 3.565700 ms  DeleteObjects: 0.025800 ms)

========================================================================
Received Import Request.
  Time since last request: 195.122330 seconds.
  path: Assets/Scripts/DataManager.cs
  artifactKey: Guid(066f2f65d430b0a4aadd7fbb2ef4418e) Importer(815301076,1909f56bfc062723c751e8b465ee728b)
Start importing Assets/Scripts/DataManager.cs using Guid(066f2f65d430b0a4aadd7fbb2ef4418e) Importer(815301076,1909f56bfc062723c751e8b465ee728b)  -> (artifact id: '71df9412ace6a0a27b37b7f53819a4d8') in 0.015767 seconds
  Import took 0.114267 seconds .

========================================================================
Received Import Request.
  Time since last request: 37.977599 seconds.
  path: Assets/Scripts/MenuUIHandler.cs
  artifactKey: Guid(2cc141a4db43d7343b209b12e53dbbc3) Importer(815301076,1909f56bfc062723c751e8b465ee728b)
Start importing Assets/Scripts/MenuUIHandler.cs using Guid(2cc141a4db43d7343b209b12e53dbbc3) Importer(815301076,1909f56bfc062723c751e8b465ee728b)  -> (artifact id: 'fdbb6a377e6f1fb84706338ce19bab56') in 0.047188 seconds
  Import took 0.062739 seconds .

========================================================================
Received Import Request.
  Time since last request: 0.010332 seconds.
  path: Assets/Scripts/MenuUIHandler.cs
  artifactKey: Guid(2cc141a4db43d7343b209b12e53dbbc3) Importer(815301076,1909f56bfc062723c751e8b465ee728b)
Start importing Assets/Scripts/MenuUIHandler.cs using Guid(2cc141a4db43d7343b209b12e53dbbc3) Importer(815301076,1909f56bfc062723c751e8b465ee728b)  -> (artifact id: 'fdbb6a377e6f1fb84706338ce19bab56') in 0.083782 seconds
  Import took 0.105615 seconds .

========================================================================
Received Prepare
Registering precompiled user dll's ...
Registered in 0.007450 seconds.
Begin MonoManager ReloadAssembly
Native extension for WindowsStandalone target not found
Native extension for WebGL target not found
Refreshing native plugins compatible for Editor in 1.94 ms, found 0 plugins.
Preloading 0 native plugins for Editor in 0.00 ms.
Mono: successfully reloaded assembly
- Completed reload, in  1.488 seconds
Platform modules already initialized, skipping
Shader 'Universal Render Pipeline/Particles/Lit': fallback shader 'Universal Render Pipeline/Particles/SimpleLit' not found
Refreshing native plugins compatible for Editor in 0.50 ms, found 0 plugins.
Preloading 0 native plugins for Editor in 0.00 ms.
Unloading 2316 Unused Serialized files (Serialized files now loaded: 0)
System memory in use before: 107.1 MB.
System memory in use after: 107.3 MB.

Unloading 5 unused Assets to reduce memory usage. Loaded Objects now: 2894.
Total: 2.751600 ms (FindLiveObjects: 0.292700 ms CreateObjectMapping: 0.120800 ms MarkObjects: 2.300400 ms  DeleteObjects: 0.036300 ms)

========================================================================
Received Prepare
Registering precompiled user dll's ...
Registered in 0.005684 seconds.
Begin MonoManager ReloadAssembly
Native extension for WindowsStandalone target not found
Native extension for WebGL target not found
Refreshing native plugins compatible for Editor in 0.55 ms, found 0 plugins.
Preloading 0 native plugins for Editor in 0.00 ms.
Mono: successfully reloaded assembly
- Completed reload, in  1.328 seconds
Platform modules already initialized, skipping
Shader 'Universal Render Pipeline/Particles/Lit': fallback shader 'Universal Render Pipeline/Particles/SimpleLit' not found
Refreshing native plugins compatible for Editor in 0.74 ms, found 0 plugins.
Preloading 0 native plugins for Editor in 0.00 ms.
Unloading 2316 Unused Serialized files (Serialized files now loaded: 0)
System memory in use before: 107.0 MB.
System memory in use after: 107.2 MB.

Unloading 5 unused Assets to reduce memory usage. Loaded Objects now: 2897.
Total: 3.205500 ms (FindLiveObjects: 0.298200 ms CreateObjectMapping: 0.125000 ms MarkObjects: 2.758100 ms  DeleteObjects: 0.022700 ms)

========================================================================
Received Prepare
Registering precompiled user dll's ...
Registered in 0.002673 seconds.
Begin MonoManager ReloadAssembly
Native extension for WindowsStandalone target not found
Native extension for WebGL target not found
Refreshing native plugins compatible for Editor in 0.58 ms, found 0 plugins.
Preloading 0 native plugins for Editor in 0.00 ms.
Mono: successfully reloaded assembly
- Completed reload, in  1.601 seconds
Platform modules already initialized, skipping
Shader 'Universal Render Pipeline/Particles/Lit': fallback shader 'Universal Render Pipeline/Particles/SimpleLit' not found
Refreshing native plugins compatible for Editor in 0.53 ms, found 0 plugins.
Preloading 0 native plugins for Editor in 0.00 ms.
Unloading 2315 Unused Serialized files (Serialized files now loaded: 0)
System memory in use before: 107.1 MB.
System memory in use after: 107.3 MB.

Unloading 5 unused Assets to reduce memory usage. Loaded Objects now: 2899.
Total: 11.128500 ms (FindLiveObjects: 6.650900 ms CreateObjectMapping: 0.311600 ms MarkObjects: 4.138400 ms  DeleteObjects: 0.025000 ms)

========================================================================
Received Prepare
Registering precompiled user dll's ...
Registered in 0.003368 seconds.
Begin MonoManager ReloadAssembly
Native extension for WindowsStandalone target not found
Native extension for WebGL target not found
Refreshing native plugins compatible for Editor in 0.47 ms, found 0 plugins.
Preloading 0 native plugins for Editor in 0.00 ms.
Mono: successfully reloaded assembly
- Completed reload, in  1.744 seconds
Platform modules already initialized, skipping
Shader 'Universal Render Pipeline/Particles/Lit': fallback shader 'Universal Render Pipeline/Particles/SimpleLit' not found
Refreshing native plugins compatible for Editor in 0.70 ms, found 0 plugins.
Preloading 0 native plugins for Editor in 0.00 ms.
Unloading 2315 Unused Serialized files (Serialized files now loaded: 0)
System memory in use before: 107.1 MB.
System memory in use after: 107.3 MB.

Unloading 5 unused Assets to reduce memory usage. Loaded Objects now: 2902.
Total: 4.401300 ms (FindLiveObjects: 0.854800 ms CreateObjectMapping: 0.945400 ms MarkObjects: 2.574700 ms  DeleteObjects: 0.024000 ms)

========================================================================
Received Prepare
Registering precompiled user dll's ...
Registered in 0.007600 seconds.
Begin MonoManager ReloadAssembly
Native extension for WindowsStandalone target not found
Native extension for WebGL target not found
Refreshing native plugins compatible for Editor in 0.90 ms, found 0 plugins.
Preloading 0 native plugins for Editor in 0.00 ms.
Mono: successfully reloaded assembly
- Completed reload, in  1.732 seconds
Platform modules already initialized, skipping
Shader 'Universal Render Pipeline/Particles/Lit': fallback shader 'Universal Render Pipeline/Particles/SimpleLit' not found
Refreshing native plugins compatible for Editor in 0.76 ms, found 0 plugins.
Preloading 0 native plugins for Editor in 0.00 ms.
Unloading 2315 Unused Serialized files (Serialized files now loaded: 0)
System memory in use before: 107.1 MB.
System memory in use after: 107.3 MB.

Unloading 5 unused Assets to reduce memory usage. Loaded Objects now: 2905.
Total: 6.173600 ms (FindLiveObjects: 0.346000 ms CreateObjectMapping: 0.180400 ms MarkObjects: 3.149000 ms  DeleteObjects: 2.496300 ms)

========================================================================
Received Import Request.
  Time since last request: 471.183299 seconds.
  path: Assets/Scripts/MenuUIHandler.cs
  artifactKey: Guid(2cc141a4db43d7343b209b12e53dbbc3) Importer(815301076,1909f56bfc062723c751e8b465ee728b)
Start importing Assets/Scripts/MenuUIHandler.cs using Guid(2cc141a4db43d7343b209b12e53dbbc3) Importer(815301076,1909f56bfc062723c751e8b465ee728b)  -> (artifact id: '965874283cbf638c8839424b6e91d015') in 0.020314 seconds
  Import took 0.085544 seconds .

========================================================================
Received Prepare
Registering precompiled user dll's ...
Registered in 0.002736 seconds.
Begin MonoManager ReloadAssembly
Native extension for WindowsStandalone target not found
Native extension for WebGL target not found
Refreshing native plugins compatible for Editor in 0.96 ms, found 0 plugins.
Preloading 0 native plugins for Editor in 0.00 ms.
Mono: successfully reloaded assembly
- Completed reload, in  1.567 seconds
Platform modules already initialized, skipping
Shader 'Universal Render Pipeline/Particles/Lit': fallback shader 'Universal Render Pipeline/Particles/SimpleLit' not found
Refreshing native plugins compatible for Editor in 0.86 ms, found 0 plugins.
Preloading 0 native plugins for Editor in 0.00 ms.
Unloading 2315 Unused Serialized files (Serialized files now loaded: 0)
System memory in use before: 107.1 MB.
System memory in use after: 107.3 MB.

Unloading 5 unused Assets to reduce memory usage. Loaded Objects now: 2908.
Total: 3.306600 ms (FindLiveObjects: 0.461800 ms CreateObjectMapping: 0.200100 ms MarkObjects: 2.584500 ms  DeleteObjects: 0.058600 ms)

========================================================================
Received Prepare
Registering precompiled user dll's ...
Registered in 0.003813 seconds.
Begin MonoManager ReloadAssembly
Native extension for WindowsStandalone target not found
Native extension for WebGL target not found
Refreshing native plugins compatible for Editor in 0.56 ms, found 0 plugins.
Preloading 0 native plugins for Editor in 0.00 ms.
Mono: successfully reloaded assembly
- Completed reload, in  1.376 seconds
Platform modules already initialized, skipping
Shader 'Universal Render Pipeline/Particles/Lit': fallback shader 'Universal Render Pipeline/Particles/SimpleLit' not found
Refreshing native plugins compatible for Editor in 1.16 ms, found 0 plugins.
Preloading 0 native plugins for Editor in 0.00 ms.
Unloading 2315 Unused Serialized files (Serialized files now loaded: 0)
System memory in use before: 107.0 MB.
System memory in use after: 107.2 MB.

Unloading 5 unused Assets to reduce memory usage. Loaded Objects now: 2911.
Total: 4.265700 ms (FindLiveObjects: 0.735100 ms CreateObjectMapping: 0.271400 ms MarkObjects: 3.218600 ms  DeleteObjects: 0.038800 ms)

========================================================================
Received Import Request.
  Time since last request: 887.045603 seconds.
  path: Assets/Scripts/MenuUIHandler.cs
  artifactKey: Guid(2cc141a4db43d7343b209b12e53dbbc3) Importer(815301076,1909f56bfc062723c751e8b465ee728b)
Start importing Assets/Scripts/MenuUIHandler.cs using Guid(2cc141a4db43d7343b209b12e53dbbc3) Importer(815301076,1909f56bfc062723c751e8b465ee728b)  -> (artifact id: 'e6d875db9de5978fbb275cb76dbd8dc8') in 0.017103 seconds
  Import took 0.094133 seconds .

========================================================================
Received Prepare
Registering precompiled user dll's ...
Registered in 0.004755 seconds.
Begin MonoManager ReloadAssembly
Native extension for WindowsStandalone target not found
Native extension for WebGL target not found
Refreshing native plugins compatible for Editor in 0.54 ms, found 0 plugins.
Preloading 0 native plugins for Editor in 0.00 ms.
Mono: successfully reloaded assembly
- Completed reload, in  1.535 seconds
Platform modules already initialized, skipping
Shader 'Universal Render Pipeline/Particles/Lit': fallback shader 'Universal Render Pipeline/Particles/SimpleLit' not found
Refreshing native plugins compatible for Editor in 0.97 ms, found 0 plugins.
Preloading 0 native plugins for Editor in 0.00 ms.
Unloading 2315 Unused Serialized files (Serialized files now loaded: 0)
System memory in use before: 107.1 MB.
System memory in use after: 107.3 MB.

Unloading 5 unused Assets to reduce memory usage. Loaded Objects now: 2914.
Total: 3.995000 ms (FindLiveObjects: 0.445200 ms CreateObjectMapping: 0.275700 ms MarkObjects: 3.246900 ms  DeleteObjects: 0.025500 ms)

========================================================================
Received Prepare
Registering precompiled user dll's ...
Registered in 0.004524 seconds.
Begin MonoManager ReloadAssembly
Native extension for WindowsStandalone target not found
Native extension for WebGL target not found
Refreshing native plugins compatible for Editor in 0.73 ms, found 0 plugins.
Preloading 0 native plugins for Editor in 0.00 ms.
Mono: successfully reloaded assembly
- Completed reload, in  1.500 seconds
Platform modules already initialized, skipping
Shader 'Universal Render Pipeline/Particles/Lit': fallback shader 'Universal Render Pipeline/Particles/SimpleLit' not found
Refreshing native plugins compatible for Editor in 0.43 ms, found 0 plugins.
Preloading 0 native plugins for Editor in 0.00 ms.
Unloading 2315 Unused Serialized files (Serialized files now loaded: 0)
System memory in use before: 107.1 MB.
System memory in use after: 107.3 MB.

Unloading 5 unused Assets to reduce memory usage. Loaded Objects now: 2917.
Total: 2.917200 ms (FindLiveObjects: 0.300600 ms CreateObjectMapping: 0.186300 ms MarkObjects: 2.378300 ms  DeleteObjects: 0.050600 ms)

========================================================================
Received Import Request.
  Time since last request: 218.358046 seconds.
  path: Assets/Scenes/main.unity
  artifactKey: Guid(78a510c781f19db4da14f78ebb30946a) Importer(815301076,1909f56bfc062723c751e8b465ee728b)
Start importing Assets/Scenes/main.unity using Guid(78a510c781f19db4da14f78ebb30946a) Importer(815301076,1909f56bfc062723c751e8b465ee728b)  -> (artifact id: '784906ca2e9e787c18fa167226d71989') in 0.029980 seconds
  Import took 0.094421 seconds .

========================================================================
Received Prepare
Registering precompiled user dll's ...
Registered in 0.005314 seconds.
Begin MonoManager ReloadAssembly
Native extension for WindowsStandalone target not found
Native extension for WebGL target not found
Refreshing native plugins compatible for Editor in 0.74 ms, found 0 plugins.
Preloading 0 native plugins for Editor in 0.00 ms.
Mono: successfully reloaded assembly
- Completed reload, in  1.637 seconds
Platform modules already initialized, skipping
Shader 'Universal Render Pipeline/Particles/Lit': fallback shader 'Universal Render Pipeline/Particles/SimpleLit' not found
Refreshing native plugins compatible for Editor in 0.46 ms, found 0 plugins.
Preloading 0 native plugins for Editor in 0.00 ms.
Unloading 2315 Unused Serialized files (Serialized files now loaded: 0)
System memory in use before: 107.1 MB.
System memory in use after: 107.3 MB.

Unloading 5 unused Assets to reduce memory usage. Loaded Objects now: 2920.
Total: 3.203100 ms (FindLiveObjects: 0.299700 ms CreateObjectMapping: 0.129000 ms MarkObjects: 2.737700 ms  DeleteObjects: 0.035400 ms)

========================================================================
Received Import Request.
  Time since last request: 302.310323 seconds.
  path: Assets/Scripts/MenuUIHandler.cs
  artifactKey: Guid(2cc141a4db43d7343b209b12e53dbbc3) Importer(815301076,1909f56bfc062723c751e8b465ee728b)
Start importing Assets/Scripts/MenuUIHandler.cs using Guid(2cc141a4db43d7343b209b12e53dbbc3) Importer(815301076,1909f56bfc062723c751e8b465ee728b)  -> (artifact id: '0375209acf063b96894869c174c621c6') in 0.011993 seconds
  Import took 0.072154 seconds .

========================================================================
Received Import Request.
  Time since last request: 19.577018 seconds.
  path: Assets/Scripts/MainUI.cs
  artifactKey: Guid(15d31bd92e6abdb45b64fe6b396f926c) Importer(815301076,1909f56bfc062723c751e8b465ee728b)
Start importing Assets/Scripts/MainUI.cs using Guid(15d31bd92e6abdb45b64fe6b396f926c) Importer(815301076,1909f56bfc062723c751e8b465ee728b)  -> (artifact id: 'e774439ebb7f5f6a529d7fc00a35db82') in 0.059039 seconds
  Import took 0.065371 seconds .

========================================================================
Received Prepare
Registering precompiled user dll's ...
Registered in 0.018585 seconds.
Begin MonoManager ReloadAssembly
Native extension for WindowsStandalone target not found
Native extension for WebGL target not found
Refreshing native plugins compatible for Editor in 0.46 ms, found 0 plugins.
Preloading 0 native plugins for Editor in 0.00 ms.
Mono: successfully reloaded assembly
- Completed reload, in  1.837 seconds
Platform modules already initialized, skipping
Shader 'Universal Render Pipeline/Particles/Lit': fallback shader 'Universal Render Pipeline/Particles/SimpleLit' not found
Refreshing native plugins compatible for Editor in 0.84 ms, found 0 plugins.
Preloading 0 native plugins for Editor in 0.00 ms.
Unloading 2316 Unused Serialized files (Serialized files now loaded: 0)
System memory in use before: 107.1 MB.
System memory in use after: 107.4 MB.

Unloading 5 unused Assets to reduce memory usage. Loaded Objects now: 2924.
Total: 5.050400 ms (FindLiveObjects: 0.603200 ms CreateObjectMapping: 0.290500 ms MarkObjects: 4.122800 ms  DeleteObjects: 0.031700 ms)

========================================================================
Received Prepare
Registering precompiled user dll's ...
Registered in 0.004149 seconds.
Begin MonoManager ReloadAssembly
Native extension for WindowsStandalone target not found
Native extension for WebGL target not found
Refreshing native plugins compatible for Editor in 0.63 ms, found 0 plugins.
Preloading 0 native plugins for Editor in 0.00 ms.
Mono: successfully reloaded assembly
- Completed reload, in  1.639 seconds
Platform modules already initialized, skipping
Shader 'Universal Render Pipeline/Particles/Lit': fallback shader 'Universal Render Pipeline/Particles/SimpleLit' not found
Refreshing native plugins compatible for Editor in 0.47 ms, found 0 plugins.
Preloading 0 native plugins for Editor in 0.00 ms.
Unloading 2316 Unused Serialized files (Serialized files now loaded: 0)
System memory in use before: 107.1 MB.
System memory in use after: 107.3 MB.

Unloading 5 unused Assets to reduce memory usage. Loaded Objects now: 2927.
Total: 4.181700 ms (FindLiveObjects: 0.431600 ms CreateObjectMapping: 1.058300 ms MarkObjects: 2.666500 ms  DeleteObjects: 0.023400 ms)

========================================================================
Received Import Request.
  Time since last request: 294.462939 seconds.
  path: Assets/Scenes/Menu.unity
  artifactKey: Guid(b95b2996f6783ec4cb87dc29cc915f8f) Importer(815301076,1909f56bfc062723c751e8b465ee728b)
Start importing Assets/Scenes/Menu.unity using Guid(b95b2996f6783ec4cb87dc29cc915f8f) Importer(815301076,1909f56bfc062723c751e8b465ee728b)  -> (artifact id: '268de593673e3697cad4bf5f4896cb62') in 0.024420 seconds
  Import took 0.075880 seconds .

========================================================================
Received Prepare
Registering precompiled user dll's ...
Registered in 0.003355 seconds.
Begin MonoManager ReloadAssembly
Native extension for WindowsStandalone target not found
Native extension for WebGL target not found
Refreshing native plugins compatible for Editor in 0.46 ms, found 0 plugins.
Preloading 0 native plugins for Editor in 0.00 ms.
Mono: successfully reloaded assembly
- Completed reload, in  1.624 seconds
Platform modules already initialized, skipping
Shader 'Universal Render Pipeline/Particles/Lit': fallback shader 'Universal Render Pipeline/Particles/SimpleLit' not found
Refreshing native plugins compatible for Editor in 0.47 ms, found 0 plugins.
Preloading 0 native plugins for Editor in 0.00 ms.
Unloading 2316 Unused Serialized files (Serialized files now loaded: 0)
System memory in use before: 107.2 MB.
System memory in use after: 107.4 MB.

Unloading 5 unused Assets to reduce memory usage. Loaded Objects now: 2930.
Total: 3.158200 ms (FindLiveObjects: 0.369200 ms CreateObjectMapping: 0.353800 ms MarkObjects: 2.367100 ms  DeleteObjects: 0.066400 ms)

========================================================================
Received Import Request.
  Time since last request: 641.596084 seconds.
  path: Assets/Scenes/main.unity
  artifactKey: Guid(78a510c781f19db4da14f78ebb30946a) Importer(815301076,1909f56bfc062723c751e8b465ee728b)
Start importing Assets/Scenes/main.unity using Guid(78a510c781f19db4da14f78ebb30946a) Importer(815301076,1909f56bfc062723c751e8b465ee728b)  -> (artifact id: '6f953502cf2ee6615fbaddd742e8cfe5') in 0.028874 seconds
  Import took 0.035459 seconds .

========================================================================
Received Prepare
Registering precompiled user dll's ...
Registered in 0.002603 seconds.
Begin MonoManager ReloadAssembly
Native extension for WindowsStandalone target not found
Native extension for WebGL target not found
Refreshing native plugins compatible for Editor in 0.51 ms, found 0 plugins.
Preloading 0 native plugins for Editor in 0.00 ms.
Mono: successfully reloaded assembly
- Completed reload, in  1.655 seconds
Platform modules already initialized, skipping
Shader 'Universal Render Pipeline/Particles/Lit': fallback shader 'Universal Render Pipeline/Particles/SimpleLit' not found
Refreshing native plugins compatible for Editor in 0.50 ms, found 0 plugins.
Preloading 0 native plugins for Editor in 0.00 ms.
Unloading 2316 Unused Serialized files (Serialized files now loaded: 0)
System memory in use before: 107.2 MB.
System memory in use after: 107.4 MB.

Unloading 5 unused Assets to reduce memory usage. Loaded Objects now: 2933.
Total: 3.320200 ms (FindLiveObjects: 0.295900 ms CreateObjectMapping: 0.113300 ms MarkObjects: 2.869200 ms  DeleteObjects: 0.040300 ms)

========================================================================
Received Prepare
Registering precompiled user dll's ...
Registered in 0.004914 seconds.
Begin MonoManager ReloadAssembly
Native extension for WindowsStandalone target not found
Native extension for WebGL target not found
Refreshing native plugins compatible for Editor in 0.80 ms, found 0 plugins.
Preloading 0 native plugins for Editor in 0.00 ms.
Mono: successfully reloaded assembly
- Completed reload, in  2.591 seconds
Platform modules already initialized, skipping
Shader 'Universal Render Pipeline/Particles/Lit': fallback shader 'Universal Render Pipeline/Particles/SimpleLit' not found
Refreshing native plugins compatible for Editor in 1.16 ms, found 0 plugins.
Preloading 0 native plugins for Editor in 0.00 ms.
Unloading 2316 Unused Serialized files (Serialized files now loaded: 0)
System memory in use before: 107.2 MB.
System memory in use after: 107.4 MB.

Unloading 5 unused Assets to reduce memory usage. Loaded Objects now: 2936.
Total: 6.945200 ms (FindLiveObjects: 0.586900 ms CreateObjectMapping: 0.321300 ms MarkObjects: 5.994900 ms  DeleteObjects: 0.039100 ms)

========================================================================
Received Prepare
Registering precompiled user dll's ...
Registered in 0.007071 seconds.
Begin MonoManager ReloadAssembly
Native extension for WindowsStandalone target not found
Native extension for WebGL target not found
Refreshing native plugins compatible for Editor in 1.18 ms, found 0 plugins.
Preloading 0 native plugins for Editor in 0.00 ms.
Mono: successfully reloaded assembly
- Completed reload, in  2.674 seconds
Platform modules already initialized, skipping
Shader 'Universal Render Pipeline/Particles/Lit': fallback shader 'Universal Render Pipeline/Particles/SimpleLit' not found
Refreshing native plugins compatible for Editor in 1.02 ms, found 0 plugins.
Preloading 0 native plugins for Editor in 0.00 ms.
Unloading 2316 Unused Serialized files (Serialized files now loaded: 0)
System memory in use before: 107.2 MB.
System memory in use after: 107.4 MB.

Unloading 5 unused Assets to reduce memory usage. Loaded Objects now: 2939.
Total: 4.170800 ms (FindLiveObjects: 0.357000 ms CreateObjectMapping: 0.269700 ms MarkObjects: 3.508700 ms  DeleteObjects: 0.033500 ms)

========================================================================
Received Prepare
Registering precompiled user dll's ...
Registered in 0.002618 seconds.
Begin MonoManager ReloadAssembly
Native extension for WindowsStandalone target not found
Native extension for WebGL target not found
Refreshing native plugins compatible for Editor in 0.72 ms, found 0 plugins.
Preloading 0 native plugins for Editor in 0.00 ms.
Mono: successfully reloaded assembly
- Completed reload, in  1.512 seconds
Platform modules already initialized, skipping
Shader 'Universal Render Pipeline/Particles/Lit': fallback shader 'Universal Render Pipeline/Particles/SimpleLit' not found
Refreshing native plugins compatible for Editor in 0.77 ms, found 0 plugins.
Preloading 0 native plugins for Editor in 0.00 ms.
Unloading 2316 Unused Serialized files (Serialized files now loaded: 0)
System memory in use before: 107.1 MB.
System memory in use after: 107.3 MB.

Unloading 5 unused Assets to reduce memory usage. Loaded Objects now: 2942.
Total: 3.980400 ms (FindLiveObjects: 0.328100 ms CreateObjectMapping: 0.337700 ms MarkObjects: 3.286800 ms  DeleteObjects: 0.026200 ms)

========================================================================
Received Prepare
Registering precompiled user dll's ...
Registered in 0.002740 seconds.
Begin MonoManager ReloadAssembly
Native extension for WindowsStandalone target not found
Native extension for WebGL target not found
Refreshing native plugins compatible for Editor in 0.54 ms, found 0 plugins.
Preloading 0 native plugins for Editor in 0.00 ms.
Mono: successfully reloaded assembly
- Completed reload, in  1.506 seconds
Platform modules already initialized, skipping
Shader 'Universal Render Pipeline/Particles/Lit': fallback shader 'Universal Render Pipeline/Particles/SimpleLit' not found
Refreshing native plugins compatible for Editor in 0.89 ms, found 0 plugins.
Preloading 0 native plugins for Editor in 0.00 ms.
Unloading 2316 Unused Serialized files (Serialized files now loaded: 0)
System memory in use before: 107.2 MB.
System memory in use after: 107.4 MB.

Unloading 5 unused Assets to reduce memory usage. Loaded Objects now: 2945.
Total: 3.526500 ms (FindLiveObjects: 0.325900 ms CreateObjectMapping: 0.155500 ms MarkObjects: 3.018500 ms  DeleteObjects: 0.024800 ms)

========================================================================
Received Prepare
Registering precompiled user dll's ...
Registered in 0.003423 seconds.
Begin MonoManager ReloadAssembly
Native extension for WindowsStandalone target not found
Native extension for WebGL target not found
Refreshing native plugins compatible for Editor in 0.61 ms, found 0 plugins.
Preloading 0 native plugins for Editor in 0.00 ms.
Mono: successfully reloaded assembly
- Completed reload, in  1.484 seconds
Platform modules already initialized, skipping
Shader 'Universal Render Pipeline/Particles/Lit': fallback shader 'Universal Render Pipeline/Particles/SimpleLit' not found
Refreshing native plugins compatible for Editor in 0.68 ms, found 0 plugins.
Preloading 0 native plugins for Editor in 0.00 ms.
Unloading 2316 Unused Serialized files (Serialized files now loaded: 0)
System memory in use before: 107.2 MB.
System memory in use after: 107.4 MB.

Unloading 5 unused Assets to reduce memory usage. Loaded Objects now: 2948.
Total: 3.807300 ms (FindLiveObjects: 0.415400 ms CreateObjectMapping: 0.259100 ms MarkObjects: 3.101200 ms  DeleteObjects: 0.029700 ms)

========================================================================
Received Prepare
Registering precompiled user dll's ...
Registered in 0.002528 seconds.
Begin MonoManager ReloadAssembly
Native extension for WindowsStandalone target not found
Native extension for WebGL target not found
Refreshing native plugins compatible for Editor in 0.45 ms, found 0 plugins.
Preloading 0 native plugins for Editor in 0.00 ms.
Mono: successfully reloaded assembly
- Completed reload, in  1.365 seconds
Platform modules already initialized, skipping
Shader 'Universal Render Pipeline/Particles/Lit': fallback shader 'Universal Render Pipeline/Particles/SimpleLit' not found
Refreshing native plugins compatible for Editor in 0.44 ms, found 0 plugins.
Preloading 0 native plugins for Editor in 0.00 ms.
Unloading 2316 Unused Serialized files (Serialized files now loaded: 0)
System memory in use before: 107.2 MB.
System memory in use after: 107.4 MB.

Unloading 5 unused Assets to reduce memory usage. Loaded Objects now: 2951.
Total: 3.137400 ms (FindLiveObjects: 0.295700 ms CreateObjectMapping: 0.126900 ms MarkObjects: 2.676800 ms  DeleteObjects: 0.036900 ms)

========================================================================
Received Prepare
Registering precompiled user dll's ...
Registered in 0.002582 seconds.
Begin MonoManager ReloadAssembly
Native extension for WindowsStandalone target not found
Native extension for WebGL target not found
Refreshing native plugins compatible for Editor in 0.50 ms, found 0 plugins.
Preloading 0 native plugins for Editor in 0.00 ms.
Mono: successfully reloaded assembly
- Completed reload, in  1.517 seconds
Platform modules already initialized, skipping
Shader 'Universal Render Pipeline/Particles/Lit': fallback shader 'Universal Render Pipeline/Particles/SimpleLit' not found
Refreshing native plugins compatible for Editor in 1.30 ms, found 0 plugins.
Preloading 0 native plugins for Editor in 0.00 ms.
Unloading 2316 Unused Serialized files (Serialized files now loaded: 0)
System memory in use before: 107.2 MB.
System memory in use after: 107.4 MB.

Unloading 5 unused Assets to reduce memory usage. Loaded Objects now: 2954.
Total: 3.276800 ms (FindLiveObjects: 0.456900 ms CreateObjectMapping: 0.219500 ms MarkObjects: 2.571600 ms  DeleteObjects: 0.026700 ms)

========================================================================
Received Prepare
Registering precompiled user dll's ...
Registered in 0.004693 seconds.
Begin MonoManager ReloadAssembly
Native extension for WindowsStandalone target not found
Native extension for WebGL target not found
Refreshing native plugins compatible for Editor in 0.49 ms, found 0 plugins.
Preloading 0 native plugins for Editor in 0.00 ms.
Mono: successfully reloaded assembly
- Completed reload, in  1.624 seconds
Platform modules already initialized, skipping
Shader 'Universal Render Pipeline/Particles/Lit': fallback shader 'Universal Render Pipeline/Particles/SimpleLit' not found
Refreshing native plugins compatible for Editor in 0.47 ms, found 0 plugins.
Preloading 0 native plugins for Editor in 0.00 ms.
Unloading 2316 Unused Serialized files (Serialized files now loaded: 0)
System memory in use before: 107.1 MB.
System memory in use after: 107.3 MB.

Unloading 5 unused Assets to reduce memory usage. Loaded Objects now: 2957.
Total: 3.194400 ms (FindLiveObjects: 0.303400 ms CreateObjectMapping: 0.133300 ms MarkObjects: 2.719200 ms  DeleteObjects: 0.037400 ms)

========================================================================
Received Import Request.
  Time since last request: 548.306191 seconds.
  path: Assets/Scripts/DataManager.cs
  artifactKey: Guid(066f2f65d430b0a4aadd7fbb2ef4418e) Importer(815301076,1909f56bfc062723c751e8b465ee728b)
Start importing Assets/Scripts/DataManager.cs using Guid(066f2f65d430b0a4aadd7fbb2ef4418e) Importer(815301076,1909f56bfc062723c751e8b465ee728b)  -> (artifact id: 'a8c33a66a7d55d5cf5c54c324c3172e1') in 0.014597 seconds
  Import took 0.063621 seconds .

========================================================================
Received Import Request.
  Time since last request: 20.048410 seconds.
  path: Assets/Scripts/DataStorage.cs
  artifactKey: Guid(066f2f65d430b0a4aadd7fbb2ef4418e) Importer(815301076,1909f56bfc062723c751e8b465ee728b)
Start importing Assets/Scripts/DataStorage.cs using Guid(066f2f65d430b0a4aadd7fbb2ef4418e) Importer(815301076,1909f56bfc062723c751e8b465ee728b)  -> (artifact id: 'c9dee822b0949530078794a86ed857f8') in 0.073511 seconds
  Import took 0.094561 seconds .

========================================================================
Received Import Request.
  Time since last request: 250.436916 seconds.
  path: Assets/Scripts/DataStorage.cs
  artifactKey: Guid(066f2f65d430b0a4aadd7fbb2ef4418e) Importer(815301076,1909f56bfc062723c751e8b465ee728b)
Start importing Assets/Scripts/DataStorage.cs using Guid(066f2f65d430b0a4aadd7fbb2ef4418e) Importer(815301076,1909f56bfc062723c751e8b465ee728b)  -> (artifact id: '633c1080c119fb898aa3cbf9f475ed72') in 0.016166 seconds
  Import took 0.031427 seconds .

========================================================================
Received Prepare
Registering precompiled user dll's ...
Registered in 0.002756 seconds.
Begin MonoManager ReloadAssembly
Native extension for WindowsStandalone target not found
Native extension for WebGL target not found
Refreshing native plugins compatible for Editor in 0.49 ms, found 0 plugins.
Preloading 0 native plugins for Editor in 0.00 ms.
Mono: successfully reloaded assembly
- Completed reload, in  1.327 seconds
Platform modules already initialized, skipping
Shader 'Universal Render Pipeline/Particles/Lit': fallback shader 'Universal Render Pipeline/Particles/SimpleLit' not found
Refreshing native plugins compatible for Editor in 0.47 ms, found 0 plugins.
Preloading 0 native plugins for Editor in 0.00 ms.
Unloading 2316 Unused Serialized files (Serialized files now loaded: 0)
System memory in use before: 107.2 MB.
System memory in use after: 107.4 MB.

Unloading 5 unused Assets to reduce memory usage. Loaded Objects now: 2960.
Total: 3.401700 ms (FindLiveObjects: 0.325200 ms CreateObjectMapping: 0.134000 ms MarkObjects: 2.904300 ms  DeleteObjects: 0.036700 ms)

========================================================================
Received Import Request.
  Time since last request: 729.035502 seconds.
  path: Assets/Scripts/MenuUIHandler.cs
  artifactKey: Guid(2cc141a4db43d7343b209b12e53dbbc3) Importer(815301076,1909f56bfc062723c751e8b465ee728b)
Start importing Assets/Scripts/MenuUIHandler.cs using Guid(2cc141a4db43d7343b209b12e53dbbc3) Importer(815301076,1909f56bfc062723c751e8b465ee728b)  -> (artifact id: '52614ae73a741b9f7e86061023bb1ffa') in 0.019874 seconds
  Import took 0.385015 seconds .

========================================================================
Received Import Request.
  Time since last request: 871.727370 seconds.
  path: Assets/Scripts/DataStorage.cs
  artifactKey: Guid(066f2f65d430b0a4aadd7fbb2ef4418e) Importer(815301076,1909f56bfc062723c751e8b465ee728b)
Start importing Assets/Scripts/DataStorage.cs using Guid(066f2f65d430b0a4aadd7fbb2ef4418e) Importer(815301076,1909f56bfc062723c751e8b465ee728b)  -> (artifact id: '1d1da4b88f0e6e95931fe31abe1c14aa') in 0.010752 seconds
  Import took 0.045399 seconds .

========================================================================
Received Import Request.
  Time since last request: 1.714677 seconds.
  path: Assets/Scripts/MainUI.cs
  artifactKey: Guid(15d31bd92e6abdb45b64fe6b396f926c) Importer(815301076,1909f56bfc062723c751e8b465ee728b)
Start importing Assets/Scripts/MainUI.cs using Guid(15d31bd92e6abdb45b64fe6b396f926c) Importer(815301076,1909f56bfc062723c751e8b465ee728b)  -> (artifact id: 'c5909ab8fb7ad4905dce0554b11a7121') in 0.010066 seconds
  Import took 0.016853 seconds .

========================================================================
Received Import Request.
  Time since last request: 0.733659 seconds.
  path: Assets/Scripts/MenuUIHandler.cs
  artifactKey: Guid(2cc141a4db43d7343b209b12e53dbbc3) Importer(815301076,1909f56bfc062723c751e8b465ee728b)
Start importing Assets/Scripts/MenuUIHandler.cs using Guid(2cc141a4db43d7343b209b12e53dbbc3) Importer(815301076,1909f56bfc062723c751e8b465ee728b)  -> (artifact id: 'a8c068d765600b34ea3b6098a597ecd6') in 0.010896 seconds
  Import took 0.016387 seconds .

========================================================================
Received Import Request.
  Time since last request: 40.719557 seconds.
  path: Assets/Scripts/MenuUIHandler.cs
  artifactKey: Guid(2cc141a4db43d7343b209b12e53dbbc3) Importer(815301076,1909f56bfc062723c751e8b465ee728b)
Start importing Assets/Scripts/MenuUIHandler.cs using Guid(2cc141a4db43d7343b209b12e53dbbc3) Importer(815301076,1909f56bfc062723c751e8b465ee728b)  -> (artifact id: '3325248699c8677a378b47b60abebd2a') in 0.016324 seconds
  Import took 0.074428 seconds .

========================================================================
Received Prepare
Registering precompiled user dll's ...
Registered in 0.003736 seconds.
Begin MonoManager ReloadAssembly
Native extension for WindowsStandalone target not found
Native extension for WebGL target not found
Refreshing native plugins compatible for Editor in 0.76 ms, found 0 plugins.
Preloading 0 native plugins for Editor in 0.00 ms.
Mono: successfully reloaded assembly
- Completed reload, in  1.552 seconds
Platform modules already initialized, skipping
Shader 'Universal Render Pipeline/Particles/Lit': fallback shader 'Universal Render Pipeline/Particles/SimpleLit' not found
Refreshing native plugins compatible for Editor in 0.49 ms, found 0 plugins.
Preloading 0 native plugins for Editor in 0.00 ms.
Unloading 2316 Unused Serialized files (Serialized files now loaded: 0)
System memory in use before: 107.2 MB.
System memory in use after: 107.5 MB.

Unloading 5 unused Assets to reduce memory usage. Loaded Objects now: 2963.
Total: 3.810600 ms (FindLiveObjects: 0.332500 ms CreateObjectMapping: 0.150700 ms MarkObjects: 3.287200 ms  DeleteObjects: 0.038500 ms)

========================================================================
Received Import Request.
  Time since last request: 133.185908 seconds.
  path: Assets/Scenes/main.unity
  artifactKey: Guid(78a510c781f19db4da14f78ebb30946a) Importer(815301076,1909f56bfc062723c751e8b465ee728b)
Start importing Assets/Scenes/main.unity using Guid(78a510c781f19db4da14f78ebb30946a) Importer(815301076,1909f56bfc062723c751e8b465ee728b)  -> (artifact id: '27c52211f6add40dfa9985975a9b9879') in 0.027523 seconds
  Import took 0.033854 seconds .

========================================================================
Received Import Request.
  Time since last request: 12.994588 seconds.
  path: Assets/Scenes/Menu.unity
  artifactKey: Guid(b95b2996f6783ec4cb87dc29cc915f8f) Importer(815301076,1909f56bfc062723c751e8b465ee728b)
Start importing Assets/Scenes/Menu.unity using Guid(b95b2996f6783ec4cb87dc29cc915f8f) Importer(815301076,1909f56bfc062723c751e8b465ee728b)  -> (artifact id: '96e05c5e824c1be240d0684193ba705c') in 0.018571 seconds
  Import took 0.030217 seconds .

========================================================================
Received Prepare
Registering precompiled user dll's ...
Registered in 0.003979 seconds.
Begin MonoManager ReloadAssembly
Native extension for WindowsStandalone target not found
Native extension for WebGL target not found
Refreshing native plugins compatible for Editor in 0.79 ms, found 0 plugins.
Preloading 0 native plugins for Editor in 0.00 ms.
Mono: successfully reloaded assembly
- Completed reload, in  1.528 seconds
Platform modules already initialized, skipping
Shader 'Universal Render Pipeline/Particles/Lit': fallback shader 'Universal Render Pipeline/Particles/SimpleLit' not found
Refreshing native plugins compatible for Editor in 0.47 ms, found 0 plugins.
Preloading 0 native plugins for Editor in 0.00 ms.
Unloading 2316 Unused Serialized files (Serialized files now loaded: 0)
System memory in use before: 107.3 MB.
System memory in use after: 107.5 MB.

Unloading 5 unused Assets to reduce memory usage. Loaded Objects now: 2966.
Total: 6.274100 ms (FindLiveObjects: 0.419700 ms CreateObjectMapping: 0.159400 ms MarkObjects: 5.660200 ms  DeleteObjects: 0.032100 ms)

========================================================================
Received Prepare
Registering precompiled user dll's ...
Registered in 0.003424 seconds.
Begin MonoManager ReloadAssembly
Native extension for WindowsStandalone target not found
Native extension for WebGL target not found
Refreshing native plugins compatible for Editor in 0.50 ms, found 0 plugins.
Preloading 0 native plugins for Editor in 0.00 ms.
Mono: successfully reloaded assembly
- Completed reload, in  1.527 seconds
Platform modules already initialized, skipping
Shader 'Universal Render Pipeline/Particles/Lit': fallback shader 'Universal Render Pipeline/Particles/SimpleLit' not found
Refreshing native plugins compatible for Editor in 0.48 ms, found 0 plugins.
Preloading 0 native plugins for Editor in 0.00 ms.
Unloading 2316 Unused Serialized files (Serialized files now loaded: 0)
System memory in use before: 107.3 MB.
System memory in use after: 107.5 MB.

Unloading 5 unused Assets to reduce memory usage. Loaded Objects now: 2969.
Total: 2.933100 ms (FindLiveObjects: 0.368100 ms CreateObjectMapping: 0.198300 ms MarkObjects: 2.342200 ms  DeleteObjects: 0.022900 ms)

========================================================================
Received Import Request.
  Time since last request: 113.432204 seconds.
  path: Assets/Scripts/MainManager.cs
  artifactKey: Guid(d110623a642692246a42fbc2d8d89884) Importer(815301076,1909f56bfc062723c751e8b465ee728b)
Start importing Assets/Scripts/MainManager.cs using Guid(d110623a642692246a42fbc2d8d89884) Importer(815301076,1909f56bfc062723c751e8b465ee728b)  -> (artifact id: '02e1e7041b2069fcb7308f7e326996a8') in 0.020900 seconds
  Import took 0.025901 seconds .

========================================================================
Received Import Request.
  Time since last request: 1.530544 seconds.
  path: Assets/Scripts/MainManager.cs
  artifactKey: Guid(d110623a642692246a42fbc2d8d89884) Importer(815301076,1909f56bfc062723c751e8b465ee728b)
Start importing Assets/Scripts/MainManager.cs using Guid(d110623a642692246a42fbc2d8d89884) Importer(815301076,1909f56bfc062723c751e8b465ee728b)  -> (artifact id: '02e1e7041b2069fcb7308f7e326996a8') in 0.008443 seconds
  Import took 0.013954 seconds .

========================================================================
Received Prepare
Registering precompiled user dll's ...
Registered in 0.002629 seconds.
Begin MonoManager ReloadAssembly
Native extension for WindowsStandalone target not found
Native extension for WebGL target not found
Refreshing native plugins compatible for Editor in 0.53 ms, found 0 plugins.
Preloading 0 native plugins for Editor in 0.00 ms.
Mono: successfully reloaded assembly
- Completed reload, in  1.467 seconds
Platform modules already initialized, skipping
Shader 'Universal Render Pipeline/Particles/Lit': fallback shader 'Universal Render Pipeline/Particles/SimpleLit' not found
Refreshing native plugins compatible for Editor in 0.57 ms, found 0 plugins.
Preloading 0 native plugins for Editor in 0.00 ms.
Unloading 2316 Unused Serialized files (Serialized files now loaded: 0)
System memory in use before: 107.2 MB.
System memory in use after: 107.4 MB.

Unloading 5 unused Assets to reduce memory usage. Loaded Objects now: 2972.
Total: 3.567000 ms (FindLiveObjects: 0.472800 ms CreateObjectMapping: 0.244500 ms MarkObjects: 2.817200 ms  DeleteObjects: 0.030200 ms)

========================================================================
Received Prepare
Registering precompiled user dll's ...
Registered in 0.004241 seconds.
Begin MonoManager ReloadAssembly
Native extension for WindowsStandalone target not found
Native extension for WebGL target not found
Refreshing native plugins compatible for Editor in 0.54 ms, found 0 plugins.
Preloading 0 native plugins for Editor in 0.00 ms.
Mono: successfully reloaded assembly
- Completed reload, in  1.497 seconds
Platform modules already initialized, skipping
Shader 'Universal Render Pipeline/Particles/Lit': fallback shader 'Universal Render Pipeline/Particles/SimpleLit' not found
Refreshing native plugins compatible for Editor in 0.50 ms, found 0 plugins.
Preloading 0 native plugins for Editor in 0.00 ms.
Unloading 2316 Unused Serialized files (Serialized files now loaded: 0)
System memory in use before: 107.3 MB.
System memory in use after: 107.5 MB.

Unloading 5 unused Assets to reduce memory usage. Loaded Objects now: 2975.
Total: 4.340800 ms (FindLiveObjects: 0.917000 ms CreateObjectMapping: 0.205900 ms MarkObjects: 3.186400 ms  DeleteObjects: 0.029500 ms)

========================================================================
Received Prepare
Registering precompiled user dll's ...
Registered in 0.004727 seconds.
Begin MonoManager ReloadAssembly
Native extension for WindowsStandalone target not found
Native extension for WebGL target not found
Refreshing native plugins compatible for Editor in 0.50 ms, found 0 plugins.
Preloading 0 native plugins for Editor in 0.00 ms.
Mono: successfully reloaded assembly
- Completed reload, in  1.564 seconds
Platform modules already initialized, skipping
Shader 'Universal Render Pipeline/Particles/Lit': fallback shader 'Universal Render Pipeline/Particles/SimpleLit' not found
Refreshing native plugins compatible for Editor in 0.43 ms, found 0 plugins.
Preloading 0 native plugins for Editor in 0.00 ms.
Unloading 2316 Unused Serialized files (Serialized files now loaded: 0)
System memory in use before: 107.3 MB.
System memory in use after: 107.5 MB.

Unloading 5 unused Assets to reduce memory usage. Loaded Objects now: 2978.
Total: 3.815200 ms (FindLiveObjects: 0.609500 ms CreateObjectMapping: 0.365100 ms MarkObjects: 2.799300 ms  DeleteObjects: 0.039800 ms)

========================================================================
Received Import Request.
  Time since last request: 292.989193 seconds.
  path: Assets/Scenes/Menu.unity
  artifactKey: Guid(b95b2996f6783ec4cb87dc29cc915f8f) Importer(815301076,1909f56bfc062723c751e8b465ee728b)
Start importing Assets/Scenes/Menu.unity using Guid(b95b2996f6783ec4cb87dc29cc915f8f) Importer(815301076,1909f56bfc062723c751e8b465ee728b)  -> (artifact id: 'cf23ab5dced90e0d51193a82641ab5fa') in 0.031555 seconds
  Import took 0.038339 seconds .

========================================================================
Received Prepare
Registering precompiled user dll's ...
Registered in 0.002525 seconds.
Begin MonoManager ReloadAssembly
Native extension for WindowsStandalone target not found
Native extension for WebGL target not found
Refreshing native plugins compatible for Editor in 0.46 ms, found 0 plugins.
Preloading 0 native plugins for Editor in 0.00 ms.
Mono: successfully reloaded assembly
- Completed reload, in  1.550 seconds
Platform modules already initialized, skipping
Shader 'Universal Render Pipeline/Particles/Lit': fallback shader 'Universal Render Pipeline/Particles/SimpleLit' not found
Refreshing native plugins compatible for Editor in 0.47 ms, found 0 plugins.
Preloading 0 native plugins for Editor in 0.00 ms.
Unloading 2316 Unused Serialized files (Serialized files now loaded: 0)
System memory in use before: 107.3 MB.
System memory in use after: 107.5 MB.

Unloading 5 unused Assets to reduce memory usage. Loaded Objects now: 2981.
Total: 3.331700 ms (FindLiveObjects: 0.343800 ms CreateObjectMapping: 0.200000 ms MarkObjects: 2.761500 ms  DeleteObjects: 0.024600 ms)

